[  1915.004] (--) Log file renamed from "/home/huynhtannho/.local/share/xorg/Xorg.pid-5137.log" to "/home/huynhtannho/.local/share/xorg/Xorg.0.log"
[  1915.008] 
X.Org X Server 1.20.8
X Protocol Version 11, Revision 0
[  1915.009] Build Operating System: Linux 4.15.0-140-generic x86_64 Ubuntu
[  1915.009] Current Operating System: Linux ubuntu 5.4.0-150-generic #167~18.04.1-Ubuntu SMP Wed May 24 00:51:42 UTC 2023 x86_64
[  1915.009] Kernel command line: BOOT_IMAGE=/boot/vmlinuz-5.4.0-150-generic root=UUID=b8d82358-a4c6-485a-aa57-314c7576ce34 ro find_preseed=/preseed.cfg auto noprompt priority=critical locale=en_US quiet
[  1915.009] Build Date: 08 April 2021  01:40:27PM
[  1915.010] xorg-server-hwe-18.04 2:1.20.8-2ubuntu2.2~18.04.5 (For technical support please see http://www.ubuntu.com/support) 
[  1915.010] Current version of pixman: 0.34.0
[  1915.010] 	Before reporting problems, check http://wiki.x.org
	to make sure that you have the latest version.
[  1915.010] Markers: (--) probed, (**) from config file, (==) default setting,
	(++) from command line, (!!) notice, (II) informational,
	(WW) warning, (EE) error, (NI) not implemented, (??) unknown.
[  1915.012] (==) Log file: "/home/huynhtannho/.local/share/xorg/Xorg.0.log", Time: Sun Dec  8 09:36:38 2024
[  1915.012] (==) Using system config directory "/usr/share/X11/xorg.conf.d"
[  1915.017] (==) No Layout section.  Using the first Screen section.
[  1915.017] (==) No screen section available. Using defaults.
[  1915.017] (**) |-->Screen "Default Screen Section" (0)
[  1915.018] (**) |   |-->Monitor "<default monitor>"
[  1915.018] (==) No monitor specified for screen "Default Screen Section".
	Using a default monitor configuration.
[  1915.019] (==) Automatically adding devices
[  1915.019] (==) Automatically enabling devices
[  1915.019] (==) Automatically adding GPU devices
[  1915.019] (==) Automatically binding GPU devices
[  1915.020] (==) Max clients allowed: 256, resource mask: 0x1fffff
[  1915.020] (WW) The directory "/usr/share/fonts/X11/cyrillic" does not exist.
[  1915.020] 	Entry deleted from font path.
[  1915.020] (WW) The directory "/usr/share/fonts/X11/100dpi/" does not exist.
[  1915.021] 	Entry deleted from font path.
[  1915.021] (WW) The directory "/usr/share/fonts/X11/75dpi/" does not exist.
[  1915.021] 	Entry deleted from font path.
[  1915.021] (WW) The directory "/usr/share/fonts/X11/100dpi" does not exist.
[  1915.021] 	Entry deleted from font path.
[  1915.022] (WW) The directory "/usr/share/fonts/X11/75dpi" does not exist.
[  1915.022] 	Entry deleted from font path.
[  1915.022] (==) FontPath set to:
	/usr/share/fonts/X11/misc,
	/usr/share/fonts/X11/Type1,
	built-ins
[  1915.022] (==) ModulePath set to "/usr/lib/xorg/modules"
[  1915.023] (II) The server relies on udev to provide the list of input devices.
	If no devices become available, reconfigure udev or disable AutoAddDevices.
[  1915.023] (II) Loader magic: 0x560b8c57b020
[  1915.023] (II) Module ABI versions:
[  1915.023] 	X.Org ANSI C Emulation: 0.4
[  1915.024] 	X.Org Video Driver: 24.1
[  1915.024] 	X.Org XInput driver : 24.1
[  1915.024] 	X.Org Server Extension : 10.0
[  1915.027] (++) using VT number 2

[  1915.033] (II) systemd-logind: took control of session /org/freedesktop/login1/session/_33
[  1915.035] (II) xfree86: Adding drm device (/dev/dri/card0)
[  1915.037] (II) systemd-logind: got fd for /dev/dri/card0 226:0 fd 12 paused 0
[  1915.048] (--) PCI:*(0@0:15:0) 15ad:0405:15ad:0405 rev 0, Mem @ 0xe8000000/134217728, 0xfe000000/8388608, I/O @ 0x00001070/16, BIOS @ 0x????????/131072
[  1915.048] (II) LoadModule: "glx"
[  1915.049] (II) Loading /usr/lib/xorg/modules/extensions/libglx.so
[  1915.060] (II) Module glx: vendor="X.Org Foundation"
[  1915.060] 	compiled for 1.20.8, module version = 1.0.0
[  1915.060] 	ABI class: X.Org Server Extension, version 10.0
[  1915.060] (==) Matched vmware as autoconfigured driver 0
[  1915.060] (==) Matched modesetting as autoconfigured driver 1
[  1915.060] (==) Matched fbdev as autoconfigured driver 2
[  1915.060] (==) Matched vesa as autoconfigured driver 3
[  1915.060] (==) Assigned the driver to the xf86ConfigLayout
[  1915.060] (II) LoadModule: "vmware"
[  1915.061] (II) Loading /usr/lib/xorg/modules/drivers/vmware_drv.so
[  1915.101] (II) Module vmware: vendor="X.Org Foundation"
[  1915.101] 	compiled for 1.20.1, module version = 13.3.0
[  1915.101] 	Module class: X.Org Video Driver
[  1915.101] 	ABI class: X.Org Video Driver, version 24.0
[  1915.101] (II) LoadModule: "modesetting"
[  1915.101] (II) Loading /usr/lib/xorg/modules/drivers/modesetting_drv.so
[  1915.106] (II) Module modesetting: vendor="X.Org Foundation"
[  1915.106] 	compiled for 1.20.8, module version = 1.20.8
[  1915.106] 	Module class: X.Org Video Driver
[  1915.106] 	ABI class: X.Org Video Driver, version 24.1
[  1915.106] (II) LoadModule: "fbdev"
[  1915.106] (II) Loading /usr/lib/xorg/modules/drivers/fbdev_drv.so
[  1915.109] (II) Module fbdev: vendor="X.Org Foundation"
[  1915.109] 	compiled for 1.20.1, module version = 0.5.0
[  1915.109] 	Module class: X.Org Video Driver
[  1915.109] 	ABI class: X.Org Video Driver, version 24.0
[  1915.109] (II) LoadModule: "vesa"
[  1915.109] (II) Loading /usr/lib/xorg/modules/drivers/vesa_drv.so
[  1915.112] (II) Module vesa: vendor="X.Org Foundation"
[  1915.112] 	compiled for 1.20.1, module version = 2.4.0
[  1915.112] 	Module class: X.Org Video Driver
[  1915.112] 	ABI class: X.Org Video Driver, version 24.0
[  1915.112] (II) vmware: driver for VMware SVGA: vmware0405, vmware0710
[  1915.112] (II) modesetting: Driver for Modesetting Kernel Drivers: kms
[  1915.112] (II) FBDEV: driver for framebuffer: fbdev
[  1915.112] (II) VESA: driver for VESA chipsets: vesa
[  1915.112] xf86EnableIOPorts: failed to set IOPL for I/O (Operation not permitted)
[  1915.112] (WW) Falling back to old probe method for modesetting
[  1915.113] (WW) Falling back to old probe method for fbdev
[  1915.113] (II) Loading sub module "fbdevhw"
[  1915.113] (II) LoadModule: "fbdevhw"
[  1915.113] (II) Loading /usr/lib/xorg/modules/libfbdevhw.so
[  1915.115] (II) Module fbdevhw: vendor="X.Org Foundation"
[  1915.115] 	compiled for 1.20.8, module version = 0.0.2
[  1915.115] 	ABI class: X.Org Video Driver, version 24.1
[  1915.116] (EE) open /dev/fb0: Permission denied
[  1915.116] (WW) VGA arbiter: cannot open kernel arbiter, no multi-card support
[  1915.116] (II) vmware(0): Creating default Display subsection in Screen section
	"Default Screen Section" for depth/fbbpp 24/32
[  1915.116] (--) vmware(0): DRM driver version is 2.15.0
[  1915.116] (==) vmware(0): Depth 24, (--) framebuffer bpp 32
[  1915.116] (==) vmware(0): RGB weight 888
[  1915.116] (==) vmware(0): Default visual is TrueColor
[  1915.116] (--) vmware(0): Min width 1, Max Width 16384.
[  1915.116] (--) vmware(0): Min height 1, Max Height 16384.
[  1915.117] (II) vmware(0): Output Virtual1 has no monitor section
[  1915.117] (II) vmware(0): Output Virtual2 has no monitor section
[  1915.117] (II) vmware(0): Output Virtual3 has no monitor section
[  1915.117] (II) vmware(0): Output Virtual4 has no monitor section
[  1915.117] (II) vmware(0): Output Virtual5 has no monitor section
[  1915.117] (II) vmware(0): Output Virtual6 has no monitor section
[  1915.117] (II) vmware(0): Output Virtual7 has no monitor section
[  1915.117] (II) vmware(0): Output Virtual8 has no monitor section
[  1915.117] (II) vmware(0): Printing probed modes for output Virtual1
[  1915.117] (II) vmware(0): Modeline "1718x959"x60.0  124.30  1718 1768 1818 1868  959 1009 1059 1109 -hsync +vsync (66.5 kHz eP)
[  1915.117] (II) vmware(0): Modeline "2560x1600"x60.0  348.50  2560 2752 3032 3504  1600 1603 1609 1658 -hsync +vsync (99.5 kHz e)
[  1915.117] (II) vmware(0): Modeline "1920x1440"x60.0  234.00  1920 2048 2256 2600  1440 1441 1444 1500 -hsync +vsync (90.0 kHz e)
[  1915.117] (II) vmware(0): Modeline "1856x1392"x60.0  218.25  1856 1952 2176 2528  1392 1393 1396 1439 -hsync +vsync (86.3 kHz e)
[  1915.117] (II) vmware(0): Modeline "1792x1344"x60.0  204.75  1792 1920 2120 2448  1344 1345 1348 1394 -hsync +vsync (83.6 kHz e)
[  1915.117] (II) vmware(0): Modeline "1920x1200"x59.9  193.25  1920 2056 2256 2592  1200 1203 1209 1245 -hsync +vsync (74.6 kHz e)
[  1915.118] (II) vmware(0): Modeline "1600x1200"x60.0  162.00  1600 1664 1856 2160  1200 1201 1204 1250 +hsync +vsync (75.0 kHz e)
[  1915.118] (II) vmware(0): Modeline "1680x1050"x60.0  146.25  1680 1784 1960 2240  1050 1053 1059 1089 -hsync +vsync (65.3 kHz e)
[  1915.118] (II) vmware(0): Modeline "1400x1050"x60.0  121.75  1400 1488 1632 1864  1050 1053 1057 1089 -hsync +vsync (65.3 kHz e)
[  1915.118] (II) vmware(0): Modeline "1280x1024"x60.0  108.00  1280 1328 1440 1688  1024 1025 1028 1066 +hsync +vsync (64.0 kHz e)
[  1915.118] (II) vmware(0): Modeline "1440x900"x59.9  106.50  1440 1520 1672 1904  900 903 909 934 -hsync +vsync (55.9 kHz e)
[  1915.118] (II) vmware(0): Modeline "1280x960"x60.0  108.00  1280 1376 1488 1800  960 961 964 1000 +hsync +vsync (60.0 kHz e)
[  1915.118] (II) vmware(0): Modeline "1360x768"x60.0   85.50  1360 1424 1536 1792  768 771 777 795 +hsync +vsync (47.7 kHz e)
[  1915.118] (II) vmware(0): Modeline "1280x800"x59.8   83.50  1280 1352 1480 1680  800 803 809 831 +hsync -vsync (49.7 kHz e)
[  1915.118] (II) vmware(0): Modeline "1152x864"x75.0  108.00  1152 1216 1344 1600  864 865 868 900 +hsync +vsync (67.5 kHz e)
[  1915.118] (II) vmware(0): Modeline "1280x768"x59.9   79.50  1280 1344 1472 1664  768 771 778 798 -hsync +vsync (47.8 kHz e)
[  1915.118] (II) vmware(0): Modeline "1024x768"x60.0   65.00  1024 1048 1184 1344  768 771 777 806 -hsync -vsync (48.4 kHz e)
[  1915.118] (II) vmware(0): Modeline "800x600"x60.3   40.00  800 840 968 1056  600 601 605 628 +hsync +vsync (37.9 kHz e)
[  1915.118] (II) vmware(0): Modeline "640x480"x59.9   25.18  640 656 752 800  480 489 492 525 -hsync -vsync (31.5 kHz e)
[  1915.118] (II) vmware(0): EDID for output Virtual2
[  1915.118] (II) vmware(0): EDID for output Virtual3
[  1915.118] (II) vmware(0): EDID for output Virtual4
[  1915.118] (II) vmware(0): EDID for output Virtual5
[  1915.118] (II) vmware(0): EDID for output Virtual6
[  1915.118] (II) vmware(0): EDID for output Virtual7
[  1915.118] (II) vmware(0): EDID for output Virtual8
[  1915.118] (II) vmware(0): Output Virtual1 connected
[  1915.118] (II) vmware(0): Output Virtual2 disconnected
[  1915.118] (II) vmware(0): Output Virtual3 disconnected
[  1915.118] (II) vmware(0): Output Virtual4 disconnected
[  1915.118] (II) vmware(0): Output Virtual5 disconnected
[  1915.118] (II) vmware(0): Output Virtual6 disconnected
[  1915.118] (II) vmware(0): Output Virtual7 disconnected
[  1915.118] (II) vmware(0): Output Virtual8 disconnected
[  1915.118] (II) vmware(0): Using exact sizes for initial modes
[  1915.118] (II) vmware(0): Output Virtual1 using initial mode 1718x959 +0+0
[  1915.118] (==) vmware(0): DPI set to (96, 96)
[  1915.118] (==) vmware(0): Using gamma correction (1.0, 1.0, 1.0)
[  1915.118] (II) Loading sub module "fb"
[  1915.118] (II) LoadModule: "fb"
[  1915.119] (II) Loading /usr/lib/xorg/modules/libfb.so
[  1915.123] (II) Module fb: vendor="X.Org Foundation"
[  1915.123] 	compiled for 1.20.8, module version = 1.0.0
[  1915.123] 	ABI class: X.Org ANSI C Emulation, version 0.4
[  1915.123] (II) Loading sub module "dri2"
[  1915.123] (II) LoadModule: "dri2"
[  1915.123] (II) Module "dri2" already built-in
[  1915.123] (II) Loading sub module "dri3"
[  1915.123] (II) LoadModule: "dri3"
[  1915.123] (II) Module "dri3" already built-in
[  1915.123] (II) UnloadModule: "modesetting"
[  1915.123] (II) Unloading modesetting
[  1915.123] (II) UnloadModule: "fbdev"
[  1915.123] (II) Unloading fbdev
[  1915.124] (II) UnloadSubModule: "fbdevhw"
[  1915.124] (II) Unloading fbdevhw
[  1915.124] (II) UnloadModule: "vesa"
[  1915.124] (II) Unloading vesa
[  1915.126] (II) vmware(0): Initialized VMWARE_CTRL extension version 0.2
[  1915.181] (II) vmware(0): Gallium3D XA version: 2.5.0.
[  1915.181] (II) vmware(0): Path of drm device is "/dev/dri/card0".
[  1915.181] (II) vmware(0): [DRI2] Setup complete
[  1915.181] (II) vmware(0): [DRI2]   DRI driver: vmwgfx
[  1915.380] (--) vmware(0): Render acceleration is enabled.
[  1915.380] (==) vmware(0): Rendercheck mode is disabled.
[  1915.380] (--) vmware(0): Direct rendering (DRI2 3D) is enabled.
[  1915.380] (--) vmware(0): Direct rendering (DRI3 3D) is enabled.
[  1915.380] (==) vmware(0): Direct presents are disabled.
[  1915.380] (==) vmware(0): Hardware only presents are automatic per scanout.
[  1915.380] (==) vmware(0): Backing store enabled
[  1915.380] (==) vmware(0): Silken mouse enabled
[  1915.386] (==) vmware(0): DPMS enabled
[  1915.386] (II) Initializing extension Generic Event Extension
[  1915.386] (II) Initializing extension SHAPE
[  1915.386] (II) Initializing extension MIT-SHM
[  1915.386] (II) Initializing extension XInputExtension
[  1915.388] (II) Initializing extension XTEST
[  1915.389] (II) Initializing extension BIG-REQUESTS
[  1915.389] (II) Initializing extension SYNC
[  1915.389] (II) Initializing extension XKEYBOARD
[  1915.389] (II) Initializing extension XC-MISC
[  1915.390] (II) Initializing extension SECURITY
[  1915.390] (II) Initializing extension XFIXES
[  1915.390] (II) Initializing extension RENDER
[  1915.391] (II) Initializing extension RANDR
[  1915.391] (II) Initializing extension COMPOSITE
[  1915.391] (II) Initializing extension DAMAGE
[  1915.392] (II) Initializing extension MIT-SCREEN-SAVER
[  1915.392] (II) Initializing extension DOUBLE-BUFFER
[  1915.392] (II) Initializing extension RECORD
[  1915.393] (II) Initializing extension DPMS
[  1915.393] (II) Initializing extension Present
[  1915.393] (II) Initializing extension DRI3
[  1915.394] (II) Initializing extension X-Resource
[  1915.394] (II) Initializing extension XVideo
[  1915.394] (II) Initializing extension XVideo-MotionCompensation
[  1915.394] (II) Initializing extension SELinux
[  1915.394] (II) SELinux: Disabled on system
[  1915.394] (II) Initializing extension GLX
[  1915.431] (II) AIGLX: Loaded and initialized vmwgfx
[  1915.431] (II) GLX: Initialized DRI2 GL provider for screen 0
[  1915.431] (II) Initializing extension XFree86-VidModeExtension
[  1915.431] (II) Initializing extension XFree86-DGA
[  1915.431] (II) Initializing extension XFree86-DRI
[  1915.431] (II) Initializing extension DRI2
[  1915.469] (II) vmware(0): Setting screen physical size to 454 x 253
[  1915.550] (II) config/udev: Adding input device Power Button (/dev/input/event0)
[  1915.550] (**) Power Button: Applying InputClass "libinput keyboard catchall"
[  1915.550] (II) LoadModule: "libinput"
[  1915.550] (II) Loading /usr/lib/xorg/modules/input/libinput_drv.so
[  1915.565] (II) Module libinput: vendor="X.Org Foundation"
[  1915.565] 	compiled for 1.20.1, module version = 0.28.1
[  1915.565] 	Module class: X.Org XInput Driver
[  1915.565] 	ABI class: X.Org XInput driver, version 24.1
[  1915.565] (II) Using input driver 'libinput' for 'Power Button'
[  1915.567] (II) systemd-logind: got fd for /dev/input/event0 13:64 fd 24 paused 0
[  1915.568] (**) Power Button: always reports core events
[  1915.568] (**) Option "Device" "/dev/input/event0"
[  1915.568] (**) Option "_source" "server/udev"
[  1915.569] (II) event0  - Power Button: is tagged by udev as: Keyboard
[  1915.569] (II) event0  - Power Button: device is a keyboard
[  1915.569] (II) event0  - Power Button: device removed
[  1915.569] (**) Option "config_info" "udev:/sys/devices/LNXSYSTM:00/LNXPWRBN:00/input/input0/event0"
[  1915.569] (II) XINPUT: Adding extended input device "Power Button" (type: KEYBOARD, id 6)
[  1915.569] (**) Option "xkb_model" "SKIP"
[  1915.569] (**) Option "xkb_layout" "us"
[  1915.606] (II) event0  - Power Button: is tagged by udev as: Keyboard
[  1915.606] (II) event0  - Power Button: device is a keyboard
[  1915.609] (II) config/udev: Adding input device VMware VMware Virtual USB Mouse (/dev/input/event2)
[  1915.609] (**) VMware VMware Virtual USB Mouse: Applying InputClass "libinput pointer catchall"
[  1915.609] (II) Using input driver 'libinput' for 'VMware VMware Virtual USB Mouse'
[  1915.669] (II) systemd-logind: got fd for /dev/input/event2 13:66 fd 27 paused 0
[  1915.669] (**) VMware VMware Virtual USB Mouse: always reports core events
[  1915.669] (**) Option "Device" "/dev/input/event2"
[  1915.669] (**) Option "_source" "server/udev"
[  1915.671] (II) event2  - VMware VMware Virtual USB Mouse: is tagged by udev as: Mouse
[  1915.671] (II) event2  - VMware VMware Virtual USB Mouse: device is a pointer
[  1915.671] (II) event2  - VMware VMware Virtual USB Mouse: device removed
[  1915.671] (**) Option "config_info" "udev:/sys/devices/pci0000:00/0000:00:11.0/0000:02:00.0/usb2/2-1/2-1:1.0/0003:0E0F:0003.0001/input/input3/event2"
[  1915.672] (II) XINPUT: Adding extended input device "VMware VMware Virtual USB Mouse" (type: MOUSE, id 7)
[  1915.672] (**) Option "AccelerationScheme" "none"
[  1915.672] (**) VMware VMware Virtual USB Mouse: (accel) selected scheme none/0
[  1915.672] (**) VMware VMware Virtual USB Mouse: (accel) acceleration factor: 2.000
[  1915.672] (**) VMware VMware Virtual USB Mouse: (accel) acceleration threshold: 4
[  1915.673] (II) event2  - VMware VMware Virtual USB Mouse: is tagged by udev as: Mouse
[  1915.673] (II) event2  - VMware VMware Virtual USB Mouse: device is a pointer
[  1915.674] (II) config/udev: Adding input device VMware VMware Virtual USB Mouse (/dev/input/mouse0)
[  1915.674] (II) No input driver specified, ignoring this device.
[  1915.674] (II) This device may have been added with another device file.
[  1915.674] (II) config/udev: Adding input device AT Translated Set 2 keyboard (/dev/input/event1)
[  1915.674] (**) AT Translated Set 2 keyboard: Applying InputClass "libinput keyboard catchall"
[  1915.674] (II) Using input driver 'libinput' for 'AT Translated Set 2 keyboard'
[  1915.676] (II) systemd-logind: got fd for /dev/input/event1 13:65 fd 28 paused 0
[  1915.677] (**) AT Translated Set 2 keyboard: always reports core events
[  1915.677] (**) Option "Device" "/dev/input/event1"
[  1915.678] (**) Option "_source" "server/udev"
[  1915.679] (II) event1  - AT Translated Set 2 keyboard: is tagged by udev as: Keyboard
[  1915.680] (II) event1  - AT Translated Set 2 keyboard: device is a keyboard
[  1915.680] (II) event1  - AT Translated Set 2 keyboard: device removed
[  1915.680] (**) Option "config_info" "udev:/sys/devices/platform/i8042/serio0/input/input1/event1"
[  1915.680] (II) XINPUT: Adding extended input device "AT Translated Set 2 keyboard" (type: KEYBOARD, id 8)
[  1915.680] (**) Option "xkb_model" "SKIP"
[  1915.681] (**) Option "xkb_layout" "us"
[  1915.685] (II) event1  - AT Translated Set 2 keyboard: is tagged by udev as: Keyboard
[  1915.685] (II) event1  - AT Translated Set 2 keyboard: device is a keyboard
[  1915.686] (II) config/udev: Adding input device VirtualPS/2 VMware VMMouse (/dev/input/event4)
[  1915.687] (**) VirtualPS/2 VMware VMMouse: Applying InputClass "libinput pointer catchall"
[  1915.687] (II) Using input driver 'libinput' for 'VirtualPS/2 VMware VMMouse'
[  1915.688] (II) systemd-logind: got fd for /dev/input/event4 13:68 fd 29 paused 0
[  1915.688] (**) VirtualPS/2 VMware VMMouse: always reports core events
[  1915.689] (**) Option "Device" "/dev/input/event4"
[  1915.689] (**) Option "_source" "server/udev"
[  1915.690] (II) event4  - VirtualPS/2 VMware VMMouse: is tagged by udev as: Mouse
[  1915.690] (II) event4  - VirtualPS/2 VMware VMMouse: device is a pointer
[  1915.691] (II) event4  - VirtualPS/2 VMware VMMouse: device removed
[  1915.691] (**) Option "config_info" "udev:/sys/devices/platform/i8042/serio1/input/input4/event4"
[  1915.691] (II) XINPUT: Adding extended input device "VirtualPS/2 VMware VMMouse" (type: MOUSE, id 9)
[  1915.691] (**) Option "AccelerationScheme" "none"
[  1915.692] (**) VirtualPS/2 VMware VMMouse: (accel) selected scheme none/0
[  1915.692] (**) VirtualPS/2 VMware VMMouse: (accel) acceleration factor: 2.000
[  1915.692] (**) VirtualPS/2 VMware VMMouse: (accel) acceleration threshold: 4
[  1915.693] (II) event4  - VirtualPS/2 VMware VMMouse: is tagged by udev as: Mouse
[  1915.694] (II) event4  - VirtualPS/2 VMware VMMouse: device is a pointer
[  1915.694] (II) config/udev: Adding input device VirtualPS/2 VMware VMMouse (/dev/input/mouse2)
[  1915.695] (II) No input driver specified, ignoring this device.
[  1915.695] (II) This device may have been added with another device file.
[  1915.696] (II) config/udev: Adding input device VirtualPS/2 VMware VMMouse (/dev/input/event3)
[  1915.696] (**) VirtualPS/2 VMware VMMouse: Applying InputClass "libinput pointer catchall"
[  1915.696] (II) Using input driver 'libinput' for 'VirtualPS/2 VMware VMMouse'
[  1915.698] (II) systemd-logind: got fd for /dev/input/event3 13:67 fd 30 paused 0
[  1915.698] (**) VirtualPS/2 VMware VMMouse: always reports core events
[  1915.698] (**) Option "Device" "/dev/input/event3"
[  1915.698] (**) Option "_source" "server/udev"
[  1915.700] (II) event3  - VirtualPS/2 VMware VMMouse: is tagged by udev as: Mouse
[  1915.700] (II) event3  - VirtualPS/2 VMware VMMouse: device is a pointer
[  1915.700] (II) event3  - VirtualPS/2 VMware VMMouse: device removed
[  1915.700] (**) Option "config_info" "udev:/sys/devices/platform/i8042/serio1/input/input5/event3"
[  1915.701] (II) XINPUT: Adding extended input device "VirtualPS/2 VMware VMMouse" (type: MOUSE, id 10)
[  1915.701] (**) Option "AccelerationScheme" "none"
[  1915.702] (**) VirtualPS/2 VMware VMMouse: (accel) selected scheme none/0
[  1915.702] (**) VirtualPS/2 VMware VMMouse: (accel) acceleration factor: 2.000
[  1915.702] (**) VirtualPS/2 VMware VMMouse: (accel) acceleration threshold: 4
[  1915.703] (II) event3  - VirtualPS/2 VMware VMMouse: is tagged by udev as: Mouse
[  1915.703] (II) event3  - VirtualPS/2 VMware VMMouse: device is a pointer
[  1915.704] (II) config/udev: Adding input device VirtualPS/2 VMware VMMouse (/dev/input/mouse1)
[  1915.704] (II) No input driver specified, ignoring this device.
[  1915.704] (II) This device may have been added with another device file.
